2025-10-17T10:28:59.822+05:30  INFO 360961 --- [librarymanagementsystem] [restartedMain] c.e.l.LibrarymanagementsystemApplication : Starting LibrarymanagementsystemApplication using Java 21.0.8 with PID 360961 (/home/chauhan-tejas/Documents/Applications/Spring project/librarymanagementsystem/target/classes started by chauhan-tejas in /home/chauhan-tejas/Documents/Applications/Spring project/librarymanagementsystem)
2025-10-17T10:28:59.837+05:30 DEBUG 360961 --- [librarymanagementsystem] [restartedMain] c.e.l.LibrarymanagementsystemApplication : Running with Spring Boot v3.5.6, Spring v6.2.11
2025-10-17T10:28:59.843+05:30  INFO 360961 --- [librarymanagementsystem] [restartedMain] c.e.l.LibrarymanagementsystemApplication : No active profile set, falling back to 1 default profile: "default"
2025-10-17T10:28:59.938+05:30  INFO 360961 --- [librarymanagementsystem] [restartedMain] .e.DevToolsPropertyDefaultsPostProcessor : Devtools property defaults active! Set 'spring.devtools.add-properties' to 'false' to disable
2025-10-17T10:28:59.939+05:30  INFO 360961 --- [librarymanagementsystem] [restartedMain] .e.DevToolsPropertyDefaultsPostProcessor : For additional web related logging consider setting the 'logging.level.web' property to 'DEBUG'
2025-10-17T10:29:00.905+05:30  INFO 360961 --- [librarymanagementsystem] [restartedMain] .s.d.r.c.RepositoryConfigurationDelegate : Bootstrapping Spring Data JPA repositories in DEFAULT mode.
2025-10-17T10:29:00.954+05:30  INFO 360961 --- [librarymanagementsystem] [restartedMain] .s.d.r.c.RepositoryConfigurationDelegate : Finished Spring Data repository scanning in 41 ms. Found 1 JPA repository interface.
2025-10-17T10:29:01.387+05:30  INFO 360961 --- [librarymanagementsystem] [restartedMain] o.s.b.w.embedded.tomcat.TomcatWebServer  : Tomcat initialized with port 8080 (http)
2025-10-17T10:29:01.400+05:30  INFO 360961 --- [librarymanagementsystem] [restartedMain] o.apache.catalina.core.StandardService   : Starting service [Tomcat]
2025-10-17T10:29:01.400+05:30  INFO 360961 --- [librarymanagementsystem] [restartedMain] o.apache.catalina.core.StandardEngine    : Starting Servlet engine: [Apache Tomcat/10.1.46]
2025-10-17T10:29:01.431+05:30  INFO 360961 --- [librarymanagementsystem] [restartedMain] o.a.c.c.C.[Tomcat].[localhost].[/]       : Initializing Spring embedded WebApplicationContext
2025-10-17T10:29:01.432+05:30  INFO 360961 --- [librarymanagementsystem] [restartedMain] w.s.c.ServletWebServerApplicationContext : Root WebApplicationContext: initialization completed in 1492 ms
2025-10-17T10:29:01.571+05:30  INFO 360961 --- [librarymanagementsystem] [restartedMain] o.hibernate.jpa.internal.util.LogHelper  : HHH000204: Processing PersistenceUnitInfo [name: default]
2025-10-17T10:29:01.623+05:30  INFO 360961 --- [librarymanagementsystem] [restartedMain] org.hibernate.Version                    : HHH000412: Hibernate ORM core version 6.6.29.Final
2025-10-17T10:29:01.658+05:30  INFO 360961 --- [librarymanagementsystem] [restartedMain] o.h.c.internal.RegionFactoryInitiator    : HHH000026: Second-level cache disabled
2025-10-17T10:29:01.956+05:30  INFO 360961 --- [librarymanagementsystem] [restartedMain] o.s.o.j.p.SpringPersistenceUnitInfo      : No LoadTimeWeaver setup: ignoring JPA class transformer
2025-10-17T10:29:01.985+05:30  INFO 360961 --- [librarymanagementsystem] [restartedMain] com.zaxxer.hikari.HikariDataSource       : HikariPool-1 - Starting...
2025-10-17T10:29:02.341+05:30  INFO 360961 --- [librarymanagementsystem] [restartedMain] com.zaxxer.hikari.pool.HikariPool        : HikariPool-1 - Added connection org.postgresql.jdbc.PgConnection@300609db
2025-10-17T10:29:02.344+05:30  INFO 360961 --- [librarymanagementsystem] [restartedMain] com.zaxxer.hikari.HikariDataSource       : HikariPool-1 - Start completed.
2025-10-17T10:29:02.384+05:30  WARN 360961 --- [librarymanagementsystem] [restartedMain] org.hibernate.orm.deprecation            : HHH90000025: PostgreSQLDialect does not need to be specified explicitly using 'hibernate.dialect' (remove the property setting and it will be selected by default)
2025-10-17T10:29:02.406+05:30  INFO 360961 --- [librarymanagementsystem] [restartedMain] org.hibernate.orm.connections.pooling    : HHH10001005: Database info:
	Database JDBC URL [Connecting through datasource 'HikariDataSource (HikariPool-1)']
	Database driver: undefined/unknown
	Database version: 16.10
	Autocommit mode: undefined/unknown
	Isolation level: undefined/unknown
	Minimum pool size: undefined/unknown
	Maximum pool size: undefined/unknown
2025-10-17T10:29:03.152+05:30  INFO 360961 --- [librarymanagementsystem] [restartedMain] o.h.e.t.j.p.i.JtaPlatformInitiator       : HHH000489: No JTA platform available (set 'hibernate.transaction.jta.platform' to enable JTA platform integration)
2025-10-17T10:29:03.195+05:30  INFO 360961 --- [librarymanagementsystem] [restartedMain] j.LocalContainerEntityManagerFactoryBean : Initialized JPA EntityManagerFactory for persistence unit 'default'
2025-10-17T10:29:03.499+05:30  WARN 360961 --- [librarymanagementsystem] [restartedMain] JpaBaseConfiguration$JpaWebConfiguration : spring.jpa.open-in-view is enabled by default. Therefore, database queries may be performed during view rendering. Explicitly configure spring.jpa.open-in-view to disable this warning
2025-10-17T10:29:03.880+05:30  INFO 360961 --- [librarymanagementsystem] [restartedMain] o.s.b.d.a.OptionalLiveReloadServer       : LiveReload server is running on port 35729
2025-10-17T10:29:03.906+05:30  INFO 360961 --- [librarymanagementsystem] [restartedMain] o.s.b.w.embedded.tomcat.TomcatWebServer  : Tomcat started on port 8080 (http) with context path '/'
2025-10-17T10:29:03.917+05:30  INFO 360961 --- [librarymanagementsystem] [restartedMain] c.e.l.LibrarymanagementsystemApplication : Started LibrarymanagementsystemApplication in 4.696 seconds (process running for 5.199)
2025-10-17T10:30:01.968+05:30  INFO 360961 --- [librarymanagementsystem] [http-nio-8080-exec-1] o.a.c.c.C.[Tomcat].[localhost].[/]       : Initializing Spring DispatcherServlet 'dispatcherServlet'
2025-10-17T10:30:01.969+05:30  INFO 360961 --- [librarymanagementsystem] [http-nio-8080-exec-1] o.s.web.servlet.DispatcherServlet        : Initializing Servlet 'dispatcherServlet'
2025-10-17T10:30:01.970+05:30  INFO 360961 --- [librarymanagementsystem] [http-nio-8080-exec-1] o.s.web.servlet.DispatcherServlet        : Completed initialization in 1 ms
2025-10-17T10:30:03.855+05:30  INFO 360961 --- [librarymanagementsystem] [http-nio-8080-exec-4] o.springdoc.api.AbstractOpenApiResource  : Init duration for springdoc-openapi is: 600 ms
2025-10-17T10:30:18.231+05:30  INFO 360961 --- [librarymanagementsystem] [http-nio-8080-exec-5] c.e.l.controller.BookController          : executed get request to get books list from database
2025-10-17T10:30:18.231+05:30  INFO 360961 --- [librarymanagementsystem] [http-nio-8080-exec-5] c.e.l.services.BookServiceImpl           : return list of books from service to controller
2025-10-17T10:30:48.205+05:30  WARN 360961 --- [librarymanagementsystem] [http-nio-8080-exec-6] ration$PageModule$WarningLoggingModifier : Serializing PageImpl instances as-is is not supported, meaning that there is no guarantee about the stability of the resulting JSON structure!
	For a stable JSON structure, please use Spring Data's PagedModel (globally via @EnableSpringDataWebSupport(pageSerializationMode = VIA_DTO))
	or Spring HATEOAS and Spring Data's PagedResourcesAssembler as documented in https://docs.spring.io/spring-data/commons/reference/repositories/core-extensions.html#core.web.pageables.

2025-10-17T10:34:02.219+05:30  INFO 360961 --- [librarymanagementsystem] [SpringApplicationShutdownHook] o.s.b.w.e.tomcat.GracefulShutdown        : Commencing graceful shutdown. Waiting for active requests to complete
2025-10-17T10:34:02.222+05:30  INFO 360961 --- [librarymanagementsystem] [tomcat-shutdown] o.s.b.w.e.tomcat.GracefulShutdown        : Graceful shutdown complete
2025-10-17T10:34:02.228+05:30  INFO 360961 --- [librarymanagementsystem] [SpringApplicationShutdownHook] j.LocalContainerEntityManagerFactoryBean : Closing JPA EntityManagerFactory for persistence unit 'default'
2025-10-17T10:34:02.231+05:30  INFO 360961 --- [librarymanagementsystem] [SpringApplicationShutdownHook] com.zaxxer.hikari.HikariDataSource       : HikariPool-1 - Shutdown initiated...
2025-10-17T10:34:02.241+05:30  INFO 360961 --- [librarymanagementsystem] [SpringApplicationShutdownHook] com.zaxxer.hikari.HikariDataSource       : HikariPool-1 - Shutdown completed.
2025-10-17T10:57:49.924+05:30  INFO 367722 --- [librarymanagementsystem] [restartedMain] c.e.l.LibrarymanagementsystemApplication : Starting LibrarymanagementsystemApplication using Java 21.0.8 with PID 367722 (/home/chauhan-tejas/Documents/Applications/Spring project/librarymanagementsystem/target/classes started by chauhan-tejas in /home/chauhan-tejas/Documents/Applications/Spring project/librarymanagementsystem)
2025-10-17T10:57:49.926+05:30 DEBUG 367722 --- [librarymanagementsystem] [restartedMain] c.e.l.LibrarymanagementsystemApplication : Running with Spring Boot v3.5.6, Spring v6.2.11
2025-10-17T10:57:49.927+05:30  INFO 367722 --- [librarymanagementsystem] [restartedMain] c.e.l.LibrarymanagementsystemApplication : No active profile set, falling back to 1 default profile: "default"
2025-10-17T10:57:49.991+05:30  INFO 367722 --- [librarymanagementsystem] [restartedMain] .e.DevToolsPropertyDefaultsPostProcessor : Devtools property defaults active! Set 'spring.devtools.add-properties' to 'false' to disable
2025-10-17T10:57:49.991+05:30  INFO 367722 --- [librarymanagementsystem] [restartedMain] .e.DevToolsPropertyDefaultsPostProcessor : For additional web related logging consider setting the 'logging.level.web' property to 'DEBUG'
2025-10-17T10:57:50.872+05:30  INFO 367722 --- [librarymanagementsystem] [restartedMain] .s.d.r.c.RepositoryConfigurationDelegate : Bootstrapping Spring Data JPA repositories in DEFAULT mode.
2025-10-17T10:57:50.918+05:30  INFO 367722 --- [librarymanagementsystem] [restartedMain] .s.d.r.c.RepositoryConfigurationDelegate : Finished Spring Data repository scanning in 37 ms. Found 1 JPA repository interface.
2025-10-17T10:57:51.413+05:30  INFO 367722 --- [librarymanagementsystem] [restartedMain] o.s.b.w.embedded.tomcat.TomcatWebServer  : Tomcat initialized with port 8080 (http)
2025-10-17T10:57:51.429+05:30  INFO 367722 --- [librarymanagementsystem] [restartedMain] o.apache.catalina.core.StandardService   : Starting service [Tomcat]
2025-10-17T10:57:51.430+05:30  INFO 367722 --- [librarymanagementsystem] [restartedMain] o.apache.catalina.core.StandardEngine    : Starting Servlet engine: [Apache Tomcat/10.1.46]
2025-10-17T10:57:51.477+05:30  INFO 367722 --- [librarymanagementsystem] [restartedMain] o.a.c.c.C.[Tomcat].[localhost].[/]       : Initializing Spring embedded WebApplicationContext
2025-10-17T10:57:51.478+05:30  INFO 367722 --- [librarymanagementsystem] [restartedMain] w.s.c.ServletWebServerApplicationContext : Root WebApplicationContext: initialization completed in 1486 ms
2025-10-17T10:57:51.648+05:30  INFO 367722 --- [librarymanagementsystem] [restartedMain] o.hibernate.jpa.internal.util.LogHelper  : HHH000204: Processing PersistenceUnitInfo [name: default]
2025-10-17T10:57:51.689+05:30  INFO 367722 --- [librarymanagementsystem] [restartedMain] org.hibernate.Version                    : HHH000412: Hibernate ORM core version 6.6.29.Final
2025-10-17T10:57:51.721+05:30  INFO 367722 --- [librarymanagementsystem] [restartedMain] o.h.c.internal.RegionFactoryInitiator    : HHH000026: Second-level cache disabled
2025-10-17T10:57:51.970+05:30  INFO 367722 --- [librarymanagementsystem] [restartedMain] o.s.o.j.p.SpringPersistenceUnitInfo      : No LoadTimeWeaver setup: ignoring JPA class transformer
2025-10-17T10:57:52.002+05:30  INFO 367722 --- [librarymanagementsystem] [restartedMain] com.zaxxer.hikari.HikariDataSource       : HikariPool-1 - Starting...
2025-10-17T10:57:52.293+05:30  INFO 367722 --- [librarymanagementsystem] [restartedMain] com.zaxxer.hikari.pool.HikariPool        : HikariPool-1 - Added connection org.postgresql.jdbc.PgConnection@19196bd6
2025-10-17T10:57:52.295+05:30  INFO 367722 --- [librarymanagementsystem] [restartedMain] com.zaxxer.hikari.HikariDataSource       : HikariPool-1 - Start completed.
2025-10-17T10:57:52.324+05:30  WARN 367722 --- [librarymanagementsystem] [restartedMain] org.hibernate.orm.deprecation            : HHH90000025: PostgreSQLDialect does not need to be specified explicitly using 'hibernate.dialect' (remove the property setting and it will be selected by default)
2025-10-17T10:57:52.341+05:30  INFO 367722 --- [librarymanagementsystem] [restartedMain] org.hibernate.orm.connections.pooling    : HHH10001005: Database info:
	Database JDBC URL [Connecting through datasource 'HikariDataSource (HikariPool-1)']
	Database driver: undefined/unknown
	Database version: 16.10
	Autocommit mode: undefined/unknown
	Isolation level: undefined/unknown
	Minimum pool size: undefined/unknown
	Maximum pool size: undefined/unknown
2025-10-17T10:57:53.164+05:30  INFO 367722 --- [librarymanagementsystem] [restartedMain] o.h.e.t.j.p.i.JtaPlatformInitiator       : HHH000489: No JTA platform available (set 'hibernate.transaction.jta.platform' to enable JTA platform integration)
2025-10-17T10:57:53.215+05:30  INFO 367722 --- [librarymanagementsystem] [restartedMain] j.LocalContainerEntityManagerFactoryBean : Initialized JPA EntityManagerFactory for persistence unit 'default'
2025-10-17T10:57:53.620+05:30  WARN 367722 --- [librarymanagementsystem] [restartedMain] JpaBaseConfiguration$JpaWebConfiguration : spring.jpa.open-in-view is enabled by default. Therefore, database queries may be performed during view rendering. Explicitly configure spring.jpa.open-in-view to disable this warning
2025-10-17T10:57:54.089+05:30  INFO 367722 --- [librarymanagementsystem] [restartedMain] o.s.b.d.a.OptionalLiveReloadServer       : LiveReload server is running on port 35729
2025-10-17T10:57:54.125+05:30  INFO 367722 --- [librarymanagementsystem] [restartedMain] o.s.b.w.embedded.tomcat.TomcatWebServer  : Tomcat started on port 8080 (http) with context path '/'
2025-10-17T10:57:54.140+05:30  INFO 367722 --- [librarymanagementsystem] [restartedMain] c.e.l.LibrarymanagementsystemApplication : Started LibrarymanagementsystemApplication in 4.782 seconds (process running for 5.391)
2025-10-17T10:58:04.925+05:30  INFO 367722 --- [librarymanagementsystem] [http-nio-8080-exec-1] o.a.c.c.C.[Tomcat].[localhost].[/]       : Initializing Spring DispatcherServlet 'dispatcherServlet'
2025-10-17T10:58:04.925+05:30  INFO 367722 --- [librarymanagementsystem] [http-nio-8080-exec-1] o.s.web.servlet.DispatcherServlet        : Initializing Servlet 'dispatcherServlet'
2025-10-17T10:58:04.927+05:30  INFO 367722 --- [librarymanagementsystem] [http-nio-8080-exec-1] o.s.web.servlet.DispatcherServlet        : Completed initialization in 2 ms
2025-10-17T10:58:06.444+05:30  INFO 367722 --- [librarymanagementsystem] [http-nio-8080-exec-5] o.springdoc.api.AbstractOpenApiResource  : Init duration for springdoc-openapi is: 442 ms
2025-10-17T10:59:03.812+05:30  INFO 367722 --- [librarymanagementsystem] [http-nio-8080-exec-6] c.e.l.controller.BookController          : executed post request to create book
2025-10-17T10:59:03.813+05:30  INFO 367722 --- [librarymanagementsystem] [http-nio-8080-exec-6] c.e.l.services.BookServiceImpl           : book has been created at service layer and return to controller
2025-10-17T11:12:04.627+05:30  INFO 367722 --- [librarymanagementsystem] [SpringApplicationShutdownHook] o.s.b.w.e.tomcat.GracefulShutdown        : Commencing graceful shutdown. Waiting for active requests to complete
2025-10-17T11:12:04.652+05:30  INFO 367722 --- [librarymanagementsystem] [tomcat-shutdown] o.s.b.w.e.tomcat.GracefulShutdown        : Graceful shutdown complete
2025-10-17T11:12:04.674+05:30  INFO 367722 --- [librarymanagementsystem] [SpringApplicationShutdownHook] j.LocalContainerEntityManagerFactoryBean : Closing JPA EntityManagerFactory for persistence unit 'default'
2025-10-17T11:12:04.719+05:30  INFO 367722 --- [librarymanagementsystem] [SpringApplicationShutdownHook] com.zaxxer.hikari.HikariDataSource       : HikariPool-1 - Shutdown initiated...
2025-10-17T11:12:04.755+05:30  INFO 367722 --- [librarymanagementsystem] [SpringApplicationShutdownHook] com.zaxxer.hikari.HikariDataSource       : HikariPool-1 - Shutdown completed.
2025-10-17T11:12:07.934+05:30  INFO 370905 --- [librarymanagementsystem] [restartedMain] c.e.l.LibrarymanagementsystemApplication : Starting LibrarymanagementsystemApplication using Java 21.0.8 with PID 370905 (/home/chauhan-tejas/Documents/Applications/Spring project/librarymanagementsystem/target/classes started by chauhan-tejas in /home/chauhan-tejas/Documents/Applications/Spring project/librarymanagementsystem)
2025-10-17T11:12:07.936+05:30 DEBUG 370905 --- [librarymanagementsystem] [restartedMain] c.e.l.LibrarymanagementsystemApplication : Running with Spring Boot v3.5.6, Spring v6.2.11
2025-10-17T11:12:07.938+05:30  INFO 370905 --- [librarymanagementsystem] [restartedMain] c.e.l.LibrarymanagementsystemApplication : No active profile set, falling back to 1 default profile: "default"
2025-10-17T11:12:08.006+05:30  INFO 370905 --- [librarymanagementsystem] [restartedMain] .e.DevToolsPropertyDefaultsPostProcessor : Devtools property defaults active! Set 'spring.devtools.add-properties' to 'false' to disable
2025-10-17T11:12:08.006+05:30  INFO 370905 --- [librarymanagementsystem] [restartedMain] .e.DevToolsPropertyDefaultsPostProcessor : For additional web related logging consider setting the 'logging.level.web' property to 'DEBUG'
2025-10-17T11:12:08.835+05:30  INFO 370905 --- [librarymanagementsystem] [restartedMain] .s.d.r.c.RepositoryConfigurationDelegate : Bootstrapping Spring Data JPA repositories in DEFAULT mode.
2025-10-17T11:12:08.882+05:30  INFO 370905 --- [librarymanagementsystem] [restartedMain] .s.d.r.c.RepositoryConfigurationDelegate : Finished Spring Data repository scanning in 38 ms. Found 1 JPA repository interface.
2025-10-17T11:12:09.464+05:30  INFO 370905 --- [librarymanagementsystem] [restartedMain] o.s.b.w.embedded.tomcat.TomcatWebServer  : Tomcat initialized with port 8080 (http)
2025-10-17T11:12:09.491+05:30  INFO 370905 --- [librarymanagementsystem] [restartedMain] o.apache.catalina.core.StandardService   : Starting service [Tomcat]
2025-10-17T11:12:09.492+05:30  INFO 370905 --- [librarymanagementsystem] [restartedMain] o.apache.catalina.core.StandardEngine    : Starting Servlet engine: [Apache Tomcat/10.1.46]
2025-10-17T11:12:09.556+05:30  INFO 370905 --- [librarymanagementsystem] [restartedMain] o.a.c.c.C.[Tomcat].[localhost].[/]       : Initializing Spring embedded WebApplicationContext
2025-10-17T11:12:09.557+05:30  INFO 370905 --- [librarymanagementsystem] [restartedMain] w.s.c.ServletWebServerApplicationContext : Root WebApplicationContext: initialization completed in 1550 ms
2025-10-17T11:12:09.800+05:30  INFO 370905 --- [librarymanagementsystem] [restartedMain] o.hibernate.jpa.internal.util.LogHelper  : HHH000204: Processing PersistenceUnitInfo [name: default]
2025-10-17T11:12:09.863+05:30  INFO 370905 --- [librarymanagementsystem] [restartedMain] org.hibernate.Version                    : HHH000412: Hibernate ORM core version 6.6.29.Final
2025-10-17T11:12:09.918+05:30  INFO 370905 --- [librarymanagementsystem] [restartedMain] o.h.c.internal.RegionFactoryInitiator    : HHH000026: Second-level cache disabled
2025-10-17T11:12:10.226+05:30  INFO 370905 --- [librarymanagementsystem] [restartedMain] o.s.o.j.p.SpringPersistenceUnitInfo      : No LoadTimeWeaver setup: ignoring JPA class transformer
2025-10-17T11:12:10.268+05:30  INFO 370905 --- [librarymanagementsystem] [restartedMain] com.zaxxer.hikari.HikariDataSource       : HikariPool-1 - Starting...
2025-10-17T11:12:10.679+05:30  INFO 370905 --- [librarymanagementsystem] [restartedMain] com.zaxxer.hikari.pool.HikariPool        : HikariPool-1 - Added connection org.postgresql.jdbc.PgConnection@175238ec
2025-10-17T11:12:10.680+05:30  INFO 370905 --- [librarymanagementsystem] [restartedMain] com.zaxxer.hikari.HikariDataSource       : HikariPool-1 - Start completed.
2025-10-17T11:12:10.713+05:30  WARN 370905 --- [librarymanagementsystem] [restartedMain] org.hibernate.orm.deprecation            : HHH90000025: PostgreSQLDialect does not need to be specified explicitly using 'hibernate.dialect' (remove the property setting and it will be selected by default)
2025-10-17T11:12:10.735+05:30  INFO 370905 --- [librarymanagementsystem] [restartedMain] org.hibernate.orm.connections.pooling    : HHH10001005: Database info:
	Database JDBC URL [Connecting through datasource 'HikariDataSource (HikariPool-1)']
	Database driver: undefined/unknown
	Database version: 16.10
	Autocommit mode: undefined/unknown
	Isolation level: undefined/unknown
	Minimum pool size: undefined/unknown
	Maximum pool size: undefined/unknown
2025-10-17T11:12:11.429+05:30  INFO 370905 --- [librarymanagementsystem] [restartedMain] o.h.e.t.j.p.i.JtaPlatformInitiator       : HHH000489: No JTA platform available (set 'hibernate.transaction.jta.platform' to enable JTA platform integration)
2025-10-17T11:12:11.468+05:30  INFO 370905 --- [librarymanagementsystem] [restartedMain] j.LocalContainerEntityManagerFactoryBean : Initialized JPA EntityManagerFactory for persistence unit 'default'
2025-10-17T11:12:12.145+05:30  WARN 370905 --- [librarymanagementsystem] [restartedMain] JpaBaseConfiguration$JpaWebConfiguration : spring.jpa.open-in-view is enabled by default. Therefore, database queries may be performed during view rendering. Explicitly configure spring.jpa.open-in-view to disable this warning
2025-10-17T11:12:12.717+05:30  INFO 370905 --- [librarymanagementsystem] [restartedMain] o.s.b.d.a.OptionalLiveReloadServer       : LiveReload server is running on port 35729
2025-10-17T11:12:12.761+05:30  INFO 370905 --- [librarymanagementsystem] [restartedMain] o.s.b.w.embedded.tomcat.TomcatWebServer  : Tomcat started on port 8080 (http) with context path '/'
2025-10-17T11:12:12.779+05:30  INFO 370905 --- [librarymanagementsystem] [restartedMain] c.e.l.LibrarymanagementsystemApplication : Started LibrarymanagementsystemApplication in 5.441 seconds (process running for 5.918)
2025-10-17T11:12:26.001+05:30  INFO 370905 --- [librarymanagementsystem] [http-nio-8080-exec-1] o.a.c.c.C.[Tomcat].[localhost].[/]       : Initializing Spring DispatcherServlet 'dispatcherServlet'
2025-10-17T11:12:26.001+05:30  INFO 370905 --- [librarymanagementsystem] [http-nio-8080-exec-1] o.s.web.servlet.DispatcherServlet        : Initializing Servlet 'dispatcherServlet'
2025-10-17T11:12:26.003+05:30  INFO 370905 --- [librarymanagementsystem] [http-nio-8080-exec-1] o.s.web.servlet.DispatcherServlet        : Completed initialization in 1 ms
2025-10-17T11:12:27.082+05:30  INFO 370905 --- [librarymanagementsystem] [http-nio-8080-exec-4] o.springdoc.api.AbstractOpenApiResource  : Init duration for springdoc-openapi is: 437 ms
2025-10-17T11:13:02.104+05:30  INFO 370905 --- [librarymanagementsystem] [SpringApplicationShutdownHook] o.s.b.w.e.tomcat.GracefulShutdown        : Commencing graceful shutdown. Waiting for active requests to complete
2025-10-17T11:13:02.106+05:30  INFO 370905 --- [librarymanagementsystem] [tomcat-shutdown] o.s.b.w.e.tomcat.GracefulShutdown        : Graceful shutdown complete
2025-10-17T11:13:02.109+05:30  INFO 370905 --- [librarymanagementsystem] [SpringApplicationShutdownHook] j.LocalContainerEntityManagerFactoryBean : Closing JPA EntityManagerFactory for persistence unit 'default'
2025-10-17T11:13:02.112+05:30  INFO 370905 --- [librarymanagementsystem] [SpringApplicationShutdownHook] com.zaxxer.hikari.HikariDataSource       : HikariPool-1 - Shutdown initiated...
2025-10-17T11:13:02.119+05:30  INFO 370905 --- [librarymanagementsystem] [SpringApplicationShutdownHook] com.zaxxer.hikari.HikariDataSource       : HikariPool-1 - Shutdown completed.
2025-10-17T11:13:04.689+05:30  INFO 371223 --- [librarymanagementsystem] [restartedMain] c.e.l.LibrarymanagementsystemApplication : Starting LibrarymanagementsystemApplication using Java 21.0.8 with PID 371223 (/home/chauhan-tejas/Documents/Applications/Spring project/librarymanagementsystem/target/classes started by chauhan-tejas in /home/chauhan-tejas/Documents/Applications/Spring project/librarymanagementsystem)
2025-10-17T11:13:04.692+05:30 DEBUG 371223 --- [librarymanagementsystem] [restartedMain] c.e.l.LibrarymanagementsystemApplication : Running with Spring Boot v3.5.6, Spring v6.2.11
2025-10-17T11:13:04.696+05:30  INFO 371223 --- [librarymanagementsystem] [restartedMain] c.e.l.LibrarymanagementsystemApplication : No active profile set, falling back to 1 default profile: "default"
2025-10-17T11:13:04.760+05:30  INFO 371223 --- [librarymanagementsystem] [restartedMain] .e.DevToolsPropertyDefaultsPostProcessor : Devtools property defaults active! Set 'spring.devtools.add-properties' to 'false' to disable
2025-10-17T11:13:04.760+05:30  INFO 371223 --- [librarymanagementsystem] [restartedMain] .e.DevToolsPropertyDefaultsPostProcessor : For additional web related logging consider setting the 'logging.level.web' property to 'DEBUG'
2025-10-17T11:13:05.601+05:30  INFO 371223 --- [librarymanagementsystem] [restartedMain] .s.d.r.c.RepositoryConfigurationDelegate : Bootstrapping Spring Data JPA repositories in DEFAULT mode.
2025-10-17T11:13:05.659+05:30  INFO 371223 --- [librarymanagementsystem] [restartedMain] .s.d.r.c.RepositoryConfigurationDelegate : Finished Spring Data repository scanning in 34 ms. Found 1 JPA repository interface.
2025-10-17T11:13:06.161+05:30  INFO 371223 --- [librarymanagementsystem] [restartedMain] o.s.b.w.embedded.tomcat.TomcatWebServer  : Tomcat initialized with port 8080 (http)
2025-10-17T11:13:06.178+05:30  INFO 371223 --- [librarymanagementsystem] [restartedMain] o.apache.catalina.core.StandardService   : Starting service [Tomcat]
2025-10-17T11:13:06.178+05:30  INFO 371223 --- [librarymanagementsystem] [restartedMain] o.apache.catalina.core.StandardEngine    : Starting Servlet engine: [Apache Tomcat/10.1.46]
2025-10-17T11:13:06.208+05:30  INFO 371223 --- [librarymanagementsystem] [restartedMain] o.a.c.c.C.[Tomcat].[localhost].[/]       : Initializing Spring embedded WebApplicationContext
2025-10-17T11:13:06.209+05:30  INFO 371223 --- [librarymanagementsystem] [restartedMain] w.s.c.ServletWebServerApplicationContext : Root WebApplicationContext: initialization completed in 1448 ms
2025-10-17T11:13:06.341+05:30  INFO 371223 --- [librarymanagementsystem] [restartedMain] o.hibernate.jpa.internal.util.LogHelper  : HHH000204: Processing PersistenceUnitInfo [name: default]
2025-10-17T11:13:06.388+05:30  INFO 371223 --- [librarymanagementsystem] [restartedMain] org.hibernate.Version                    : HHH000412: Hibernate ORM core version 6.6.29.Final
2025-10-17T11:13:06.423+05:30  INFO 371223 --- [librarymanagementsystem] [restartedMain] o.h.c.internal.RegionFactoryInitiator    : HHH000026: Second-level cache disabled
2025-10-17T11:13:06.628+05:30  INFO 371223 --- [librarymanagementsystem] [restartedMain] o.s.o.j.p.SpringPersistenceUnitInfo      : No LoadTimeWeaver setup: ignoring JPA class transformer
2025-10-17T11:13:06.648+05:30  INFO 371223 --- [librarymanagementsystem] [restartedMain] com.zaxxer.hikari.HikariDataSource       : HikariPool-1 - Starting...
2025-10-17T11:13:06.934+05:30  INFO 371223 --- [librarymanagementsystem] [restartedMain] com.zaxxer.hikari.pool.HikariPool        : HikariPool-1 - Added connection org.postgresql.jdbc.PgConnection@54928c31
2025-10-17T11:13:06.935+05:30  INFO 371223 --- [librarymanagementsystem] [restartedMain] com.zaxxer.hikari.HikariDataSource       : HikariPool-1 - Start completed.
2025-10-17T11:13:06.957+05:30  WARN 371223 --- [librarymanagementsystem] [restartedMain] org.hibernate.orm.deprecation            : HHH90000025: PostgreSQLDialect does not need to be specified explicitly using 'hibernate.dialect' (remove the property setting and it will be selected by default)
2025-10-17T11:13:06.972+05:30  INFO 371223 --- [librarymanagementsystem] [restartedMain] org.hibernate.orm.connections.pooling    : HHH10001005: Database info:
	Database JDBC URL [Connecting through datasource 'HikariDataSource (HikariPool-1)']
	Database driver: undefined/unknown
	Database version: 16.10
	Autocommit mode: undefined/unknown
	Isolation level: undefined/unknown
	Minimum pool size: undefined/unknown
	Maximum pool size: undefined/unknown
2025-10-17T11:13:07.598+05:30  INFO 371223 --- [librarymanagementsystem] [restartedMain] o.h.e.t.j.p.i.JtaPlatformInitiator       : HHH000489: No JTA platform available (set 'hibernate.transaction.jta.platform' to enable JTA platform integration)
2025-10-17T11:13:07.630+05:30  INFO 371223 --- [librarymanagementsystem] [restartedMain] j.LocalContainerEntityManagerFactoryBean : Initialized JPA EntityManagerFactory for persistence unit 'default'
2025-10-17T11:13:08.055+05:30  WARN 371223 --- [librarymanagementsystem] [restartedMain] JpaBaseConfiguration$JpaWebConfiguration : spring.jpa.open-in-view is enabled by default. Therefore, database queries may be performed during view rendering. Explicitly configure spring.jpa.open-in-view to disable this warning
2025-10-17T11:13:08.566+05:30  INFO 371223 --- [librarymanagementsystem] [restartedMain] o.s.b.d.a.OptionalLiveReloadServer       : LiveReload server is running on port 35729
2025-10-17T11:13:08.608+05:30  INFO 371223 --- [librarymanagementsystem] [restartedMain] o.s.b.w.embedded.tomcat.TomcatWebServer  : Tomcat started on port 8080 (http) with context path '/'
2025-10-17T11:13:08.622+05:30  INFO 371223 --- [librarymanagementsystem] [restartedMain] c.e.l.LibrarymanagementsystemApplication : Started LibrarymanagementsystemApplication in 4.45 seconds (process running for 4.87)
2025-10-17T11:13:41.474+05:30  INFO 371223 --- [librarymanagementsystem] [http-nio-8080-exec-1] o.a.c.c.C.[Tomcat].[localhost].[/]       : Initializing Spring DispatcherServlet 'dispatcherServlet'
2025-10-17T11:13:41.474+05:30  INFO 371223 --- [librarymanagementsystem] [http-nio-8080-exec-1] o.s.web.servlet.DispatcherServlet        : Initializing Servlet 'dispatcherServlet'
2025-10-17T11:13:41.475+05:30  INFO 371223 --- [librarymanagementsystem] [http-nio-8080-exec-1] o.s.web.servlet.DispatcherServlet        : Completed initialization in 1 ms
2025-10-17T11:13:42.321+05:30  INFO 371223 --- [librarymanagementsystem] [http-nio-8080-exec-4] o.springdoc.api.AbstractOpenApiResource  : Init duration for springdoc-openapi is: 425 ms
2025-10-17T11:20:27.652+05:30  INFO 371223 --- [librarymanagementsystem] [http-nio-8080-exec-9] c.e.l.controller.BookController          : executed get request to get books list from database
2025-10-17T11:20:27.652+05:30  INFO 371223 --- [librarymanagementsystem] [http-nio-8080-exec-9] c.e.l.services.BookServiceImpl           : return list of books from service to controller
